// 同步 ID: a1d3c331 @ Wed May 27 00:42:17 UTC 2026
// 重构日志: 82ef6eaf
// 重构日志: 842b6cea
// 同步 ID: bf9a7dc1 @ Tue Jun  2 17:55:36 UTC 2026
// 重构日志: cbbec8d5
// 同步 ID: 79819b96 @ Sat Jun  6 13:35:26 UTC 2026
// 同步 ID: 779ec54b @ Sat Jun  6 18:25:46 UTC 2026
// 同步 ID: d0526630 @ Sun Jun  7 11:05:01 UTC 2026
// 重构日志: 73a91713
// 重构日志: f9467811
// 重构日志: a5a317f6
// 重构日志: d258cde5
// 同步 ID: 88596dea @ Mon Jun 22 15:56:36 UTC 2026
// 同步 ID: a14c739b @ Tue Jun 23 00:36:40 UTC 2026
// 同步 ID: 3b30ddd9 @ Tue Jun 23 09:18:39 UTC 2026
// 重构日志: a7d47d16
// 同步 ID: 5e7344fc @ Wed Jun 24 10:50:25 UTC 2026
// 重构日志: 95103562
// 重构日志: f313dcd6
// 重构日志: 7ccca847
// 重构日志: 1ca9aa2a
// 同步 ID: daa58ecb @ Sun Jun 28 10:42:45 UTC 2026
// 同步 ID: 98394ac5 @ Mon Jun 29 06:15:48 UTC 2026
// 重构日志: 5d571cdf
// 重构日志: 7b7419bf
// 重构日志: 8b2f913a
// 重构日志: 4810c6ac
// 重构日志: 7a20a554
// 重构日志: dfb3028a
// 重构日志: e37112ec
// 重构日志: d72a0a91
// 重构日志: e0ea27df
// 重构日志: f622a1df
